1592079482998	mozrunner::runner	INFO	Running command: "C:\\Program Files\\Mozilla Firefox\\firefox.exe" "-marionette" "-foreground" "-no-remote" "-profile" "C:\\Users\\MARISS~1\\AppData\\Local\\Temp\\rust_mozprofileKVdQtZ"
JavaScript error: resource://gre/modules/XULStore.jsm, line 66: Error: Can't find profile directory.
1592079491883	Marionette	INFO	Listening on port 60881
1592079491955	Marionette	WARN	TLS certificate errors will be ignored for this session
1592079513757	Marionette	ERROR	[26] No reply from Marionette:Register
1592079663556	Marionette	INFO	Stopped listening on port 60881

###!!! [Child][RunMessage] Error: Channel closing: too late to send/recv, messages will be lost


###!!! [Child][MessageChannel::SendAndWait] Error: Channel error: cannot send/recv

gre/modules/XULStore.jsm, line 66: Error: Can't find profile directory.
1592079531193	Marionette	INFO	Listening on port 60972
1592079531303	Marionette	WARN	TLS certificate errors will be ignored for this session
1592079534318	Marionette	INFO	Stopped listening on port 60972

###!!! [Child][RunMessage] Error: Channel closing: too late to send/recv, messages will be lost


###!!! [Child][MessageChannel::SendAndWait] Error: Channel error: cannot send/recv

1592079655367	mozrunner::runner	INFO	Running command: "C:\\Program Files\\Mozilla Firefox\\firefox.exe" "-marionette" "-foreground" "-no-remote" "-profile" "C:\\Users\\MARISS~1\\AppData\\Local\\Temp\\rust_mozprofile9eoyL7"
JavaScript error: resource://gre/modules/XULStore.jsm, line 66: Error: Can't find profile directory.
1592079663577	Marionette	INFO	Listening on port 61102
1592079663717	Marionette	WARN	TLS certificate errors will be ignored for this session
console.error: "Store does not have a valid reducer. Make sure the argument passed to combineReducers is an object whose values are reducers."
JavaScript error: resource://devtools/client/framework/devtools.js, line 732: TypeError: inspector is undefined
SourceActor threw an exception: [Exception... "Failed to open input source 'file:///'"  nsresult: "0x80004005 (NS_ERROR_FAILURE)"  location: "JS frame :: resource://devtools/shared/DevToolsUtils.js :: mainThreadFetch/< :: line 659"  data: yes]
Stack: mainThreadFetch/<@resource://devtools/shared/DevToolsUtils.js:659:15
mainThreadFetch@resource://devtools/shared/DevToolsUtils.js:509:10
_fetchURLContents@resource://devtools/server/actors/utils/TabSources.js:580:22
urlContents@resource://devtools/server/actors/utils/TabSources.js:547:17
_resurrectSource@resource://devtools/server/actors/thread.js:1955:69
addAllSources@resource://devtools/server/actors/thread.js:1339:14
onSources@resource://devtools/server/actors/thread.js:1345:10
onPacket@resource://devtools/server/devtools-server-connection.js:380:58
receiveMessage@resource://devtools/shared/transport/child-transport.js:66:16
Line: 659, column: 0
console.error: ({})
JavaScript error: resource://devtools/shared/DevToolsUtils.js, line 659: NS_ERROR_FAILURE: Failed to open input source 'file:///'
JavaScript error: chrome://marionette/content/driver.js, line 1377: TypeError: WeakMap key must be an object, got browser.permanentKey
1592079915387	Marionette	ERROR	[42] No reply from Marionette:Register
1592079920528	Marionette	ERROR	[44] No reply from Marionette:Register
1592079920585	Marionette	ERROR	[46] No reply from Marionette:Register
Handler function threw an exception: TypeError: httpActivity.owner is null
Stack: _onResponseHeader@resource://devtools/server/actors/network-monitor/network-observer.js:1039:5
_dispatchActivity@resource://devtools/server/actors/network-monitor/network-observer.js:533:14
NetworkObserver.prototype.observeActivity<@resource://devtools/server/actors/network-monitor/network-observer.js:614:12
exports.makeInfallible/<@resource://devtools/shared/ThreadSafeDevToolsUtils.js:103:22
Line: 1039, column: 5
console.error: (new TypeError("httpActivity.owner is null", "resource://devtools/server/actors/network-monitor/network-observer.js", 1039))
Handler function threw an exception: TypeError: httpActivity.owner is null
Stack: _onResponseHeader@resource://devtools/server/actors/network-monitor/network-observer.js:1039:5
_dispatchActivity@resource://devtools/server/actors/network-monitor/network-observer.js:533:14
NetworkObserver.prototype.observeActivity<@resource://devtools/server/actors/network-monitor/network-observer.js:614:12
exports.makeInfallible/<@resource://devtools/shared/ThreadSafeDevToolsUtils.js:103:22
Line: 1039, column: 5
console.error: (new TypeError("httpActivity.owner is null", "resource://devtools/server/actors/network-monitor/network-observer.js", 1039))
Handler function threw an exception: TypeError: httpActivity.owner is null
Stack: _onResponseHeader@resource://devtools/server/actors/network-monitor/network-observer.js:1039:5
_dispatchActivity@resource://devtools/server/actors/network-monitor/network-observer.js:533:14
NetworkObserver.prototype.observeActivity<@resource://devtools/server/actors/network-monitor/network-observer.js:614:12
exports.makeInfallible/<@resource://devtools/shared/ThreadSafeDevToolsUtils.js:103:22
Line: 1039, column: 5
console.error: (new TypeError("httpActivity.owner is null", "resource://devtools/server/actors/network-monitor/network-observer.js", 1039))
1592080133105	Marionette	WARN	TimedPromise timed out after 500 ms: stacktrace:
TimedPromise/<@chrome://marionette/content/sync.js:245:13
TimedPromise@chrome://marionette/content/sync.js:230:10
interaction.flushEventLoop@chrome://marionette/content/interaction.js:416:10
webdriverClickElement@chrome://marionette/content/interaction.js:182:31
1592080136145	Marionette	WARN	TimedPromise timed out after 500 ms: stacktrace:
TimedPromise/<@chrome://marionette/content/sync.js:245:13
TimedPromise@chrome://marionette/content/sync.js:230:10
interaction.flushEventLoop@chrome://marionette/content/interaction.js:416:10
webdriverClickElement@chrome://marionette/content/interaction.js:182:31
JavaScript error: , line 0: uncaught exception: Object
1592080141527	Marionette	WARN	TimedPromise timed out after 500 ms: stacktrace:
TimedPromise/<@chrome://marionette/content/sync.js:245:13
TimedPromise@chrome://marionette/content/sync.js:230:10
interaction.flushEventLoop@chrome://marionette/content/interaction.js:416:10
webdriverClickElement@chrome://marionette/content/interaction.js:182:31
1592080145648	Marionette	WARN	TimedPromise timed out after 500 ms: stacktrace:
TimedPromise/<@chrome://marionette/content/sync.js:245:13
TimedPromise@chrome://marionette/content/sync.js:230:10
interaction.flushEventLoop@chrome://marionette/content/interaction.js:416:10
webdriverClickElement@chrome://marionette/content/interaction.js:182:31
JavaScript error: , line 0: uncaught exception: Object
JavaScript error: , line 0: uncaught exception: Object
1592080158795	Marionette	WARN	TimedPromise timed out after 500 ms: stacktrace:
TimedPromise/<@chrome://marionette/content/sync.js:245:13
TimedPromise@chrome://marionette/content/sync.js:230:10
interaction.flushEventLoop@chrome://marionette/content/interaction.js:416:10
webdriverClickElement@chrome://marionette/content/interaction.js:182:31
JavaScript error: , line 0: uncaught exception: Object
JavaScript error: , line 0: uncaught exception: Object
JavaScript error: , line 0: uncaught exception: Object
JavaScript error: , line 0: uncaught exception: Object
1592080179756	Marionette	WARN	TimedPromise timed out after 500 ms: stacktrace:
TimedPromise/<@chrome://marionette/content/sync.js:245:13
TimedPromise@chrome://marionette/content/sync.js:230:10
interaction.flushEventLoop@chrome://marionette/content/interaction.js:416:10
webdriverClickElement@chrome://marionette/content/interaction.js:182:31
JavaScript error: , line 0: uncaught exception: Object
Handler function threw an exception: TypeError: httpActivity.owner is null
Stack: _onResponseHeader@resource://devtools/server/actors/network-monitor/network-observer.js:1039:5
_dispatchActivity@resource://devtools/server/actors/network-monitor/network-observer.js:533:14
NetworkObserver.prototype.observeActivity<@resource://devtools/server/actors/network-monitor/network-observer.js:614:12
exports.makeInfallible/<@resource://devtools/shared/ThreadSafeDevToolsUtils.js:103:22
Line: 1039, column: 5
console.error: (new TypeError("httpActivity.owner is null", "resource://devtools/server/actors/network-monitor/network-observer.js", 1039))
JavaScript error: , line 0: uncaught exception: Object

###!!! [Child][RunMessage] Error: Channel closing: too late to send/recv, messages will be lost


###!!! [Child][RunMessage] Error: Channel closing: too late to send/recv, messages will be lost

1592080252503	Marionette	INFO	Stopped listening on port 61102

###!!! [Child][RunMessage] Error: Channel closing: too late to send/recv, messages will be lost


###!!! [Child][MessageChannel::SendAndWait] Error: Channel error: cannot send/recv

1592080292892	mozrunner::runner	INFO	Running command: "C:\\Program Files\\Mozilla Firefox\\firefox.exe" "-marionette" "-foreground" "-no-remote" "-profile" "C:\\Users\\MARISS~1\\AppData\\Local\\Temp\\rust_mozprofiledqchZ4"
JavaScript error: resource://gre/modules/XULStore.jsm, line 66: Error: Can't find profile directory.
1592080303308	Marionette	INFO	Listening on port 61390
1592080303358	Marionette	WARN	TLS certificate errors will be ignored for this session
1592081579944	Marionette	INFO	Stopped listening on port 61390

###!!! [Child][RunMessage] Error: Channel closing: too late to send/recv, messages will be lost


###!!! [Child][MessageChannel::SendAndWait] Error: Channel error: cannot send/recv

gre/modules/XULStore.jsm, line 66: Error: Can't find profile directory.
1592081564009	Marionette	INFO	Listening on port 62723
1592081564142	Marionette	WARN	TLS certificate errors will be ignored for this session
JavaScript error: https://static.tacdn.com/components/dist//@ta/lithium.service-worker.05a28aa355.js, line 1: InvalidStateError: Clients.claim: Service worker is not active
JavaScript error: , line 0: TypeError: NetworkError when attempting to fetch resource.
1592081616407	Marionette	INFO	Stopped listening on port 62723

###!!! [Child][RunMessage] Error: Channel closing: too late to send/recv, messages will be lost


###!!! [Child][MessageChannel::SendAndWait] Error: Channel error: cannot send/recv

gre/modules/XULStore.jsm, line 66: Error: Can't find profile directory.
1592081590186	Marionette	INFO	Listening on port 62862
1592081590593	Marionette	WARN	TLS certificate errors will be ignored for this session
1592081598571	Marionette	ERROR	[26] No reply from Marionette:Register
1592081598580	Marionette	ERROR	[28] No reply from Marionette:Register
IPDL protocol error: Handler returned error code!

###!!! [Parent][DispatchAsyncMessage] Error: PLayerTransaction::Msg_ReleaseLayer Processing error: message was deserialized, but the handler returned false (indicating failure)

1592081695325	Marionette	INFO	Stopped listening on port 62862

###!!! [Child][RunMessage] Error: Channel closing: too late to send/recv, messages will be lost


###!!! [Child][MessageChannel::SendAndWait] Error: Channel error: cannot send/recv

1592081699993	mozrunner::runner	INFO	Running command: "C:\\Program Files\\Mozilla Firefox\\firefox.exe" "-marionette" "-foreground" "-no-remote" "-profile" "C:\\Users\\MARISS~1\\AppData\\Local\\Temp\\rust_mozprofile8FDmwP"
JavaScript error: resource://gre/modules/XULStore.jsm, line 66: Error: Can't find profile directory.
1592081704740	Marionette	INFO	Listening on port 62986
1592081705222	Marionette	WARN	TLS certificate errors will be ignored for this session
JavaScript error: https://static.tacdn.com/components/dist//@ta/lithium.service-worker.05a28aa355.js, line 1: InvalidStateError: Clients.claim: Service worker is not active
JavaScript error: , line 0: TypeError: NetworkError when attempting to fetch resource.
1592081827476	Marionette	INFO	Stopped listening on port 62986

###!!! [Child][RunMessage] Error: Channel closing: too late to send/recv, messages will be lost


###!!! [Child][MessageChannel::SendAndWait] Error: Channel error: cannot send/recv

1592081833098	mozrunner::runner	INFO	Running command: "C:\\Program Files\\Mozilla Firefox\\firefox.exe" "-marionette" "-foreground" "-no-remote" "-profile" "C:\\Users\\MARISS~1\\AppData\\Local\\Temp\\rust_mozprofilefr2qEN"
JavaScript error: resource://gre/modules/XULStore.jsm, line 66: Error: Can't find profile directory.
1592081837596	Marionette	INFO	Listening on port 63125
1592081837818	Marionette	WARN	TLS certificate errors will be ignored for this session
1592081875630	Marionette	INFO	Stopped listening on port 63125

###!!! [Child][MessageChannel::SendAndWait] Error: Channel error: cannot send/recv

1592186869190	mozrunner::runner	INFO	Running command: "C:\\Program Files\\Mozilla Firefox\\firefox.exe" "-marionette" "-foreground" "-no-remote" "-profile" "C:\\Users\\MARISS~1\\AppData\\Local\\Temp\\rust_mozprofileX2WFo7"
JavaScript error: resource://gre/modules/XULStore.jsm, line 66: Error: Can't find profile directory.
1592186880313	Marionette	INFO	Listening on port 62019
1592186880774	Marionette	WARN	TLS certificate errors will be ignored for this session
1592187045781	Marionette	ERROR	[26] No reply from Marionette:Register
1592187047182	Marionette	INFO	Stopped listening on port 62019

###!!! [Child][RunMessage] Error: Channel closing: too late to send/recv, messages will be lost


###!!! [Child][MessageChannel::SendAndWait] Error: Channel error: cannot send/recv


1592187046754	Marionette	INFO	Listening on port 62162
1592187046986	Marionette	WARN	TLS certificate errors will be ignored for this session
1592187066554	Marionette	INFO	Stopped listening on port 62162

###!!! [Child][MessageChannel::SendAndWait] Error: Channel error: cannot send/recv

ile" "C:\\Users\\MARISS~1\\AppData\\Local\\Temp\\rust_mozprofileD3z5NH"
JavaScript error: resource://gre/modules/XULStore.jsm, line 66: Error: Can't find profile directory.
1592187059606	Marionette	INFO	Listening on port 62204
1592187060076	Marionette	WARN	TLS certificate errors will be ignored for this session
JavaScript error: https://eus.rubiconproject.com/usync.html?&geo=na&co=us, line 12: SecurityError: The operation is insecure.
1592187428340	Marionette	INFO	Stopped listening on port 62204

###!!! [Child][MessageChannel::SendAndWait] Error: Channel error: cannot send/recv

1592187434296	mozrunner::runner	INFO	Running command: "C:\\Program Files\\Mozilla Firefox\\firefox.exe" "-marionette" "-foreground" "-no-remote" "-profile" "C:\\Users\\MARISS~1\\AppData\\Local\\Temp\\rust_mozprofile7Vg5qf"
JavaScript error: resource://gre/modules/XULStore.jsm, line 66: Error: Can't find profile directory.
1592187442870	Marionette	INFO	Listening on port 62377
1592187443250	Marionette	WARN	TLS certificate errors will be ignored for this session
JavaScript error: https://static.tacdn.com/components/dist//@ta/lithium.service-worker.05a28aa355.js, line 1: InvalidStateError: Clients.claim: Service worker is not active
JavaScript error: , line 0: TypeError: NetworkError when attempting to fetch resource.
1592187562353	Marionette	INFO	Stopped listening on port 62377

###!!! [Child][RunMessage] Error: Channel closing: too late to send/recv, messages will be lost


###!!! [Child][MessageChannel::SendAndWait] Error: Channel error: cannot send/recv

1592187625760	mozrunner::runner	INFO	Running command: "C:\\Program Files\\Mozilla Firefox\\firefox.exe" "-marionette" "-foreground" "-no-remote" "-profile" "C:\\Users\\MARISS~1\\AppData\\Local\\Temp\\rust_mozprofileYLDzrk"
JavaScript error: resource://gre/modules/XULStore.jsm, line 66: Error: Can't find profile directory.
1592187633758	Marionette	INFO	Listening on port 62603
1592187634102	Marionette	WARN	TLS certificate errors will be ignored for this session
console.error: "Store does not have a valid reducer. Make sure the argument passed to combineReducers is an object whose values are reducers."
IPDL protocol error: Handler returned error code!

###!!! [Parent][DispatchAsyncMessage] Error: PLayerTransaction::Msg_ReleaseLayer Processing error: message was deserialized, but the handler returned false (indicating failure)

IPDL protocol error: Handler returned error code!

###!!! [Parent][DispatchAsyncMessage] Error: PLayerTransaction::Msg_ReleaseLayer Processing error: message was deserialized, but the handler returned false (indicating failure)

1592233413584	Marionette	INFO	Stopped listening on port 62603

###!!! [Child][MessageChannel::SendAndWait] Error: Channel error: cannot send/recv

1592233417339	mozrunner::runner	INFO	Running command: "C:\\Program Files\\Mozilla Firefox\\firefox.exe" "-marionette" "-foreground" "-no-remote" "-profile" "C:\\Users\\MARISS~1\\AppData\\Local\\Temp\\rust_mozprofiletEqtQV"
JavaScript error: resource://gre/modules/XULStore.jsm, line 66: Error: Can't find profile directory.
1592233422481	Marionette	INFO	Listening on port 54879
1592233422566	Marionette	WARN	TLS certificate errors will be ignored for this session
JavaScript error: https://static.tacdn.com/components/dist//@ta/lithium.service-worker.05a28aa355.js, line 1: InvalidStateError: Clients.claim: Service worker is not active
JavaScript error: , line 0: TypeError: NetworkError when attempting to fetch resource.
1592233592541	Marionette	INFO	Stopped listening on port 54879

###!!! [Child][MessageChannel::SendAndWait] Error: Channel error: cannot send/recv

1592233596701	mozrunner::runner	INFO	Running command: "C:\\Program Files\\Mozilla Firefox\\firefox.exe" "-marionette" "-foreground" "-no-remote" "-profile" "C:\\Users\\MARISS~1\\AppData\\Local\\Temp\\rust_mozprofileP6hk2S"
JavaScript error: resource://gre/modules/XULStore.jsm, line 66: Error: Can't find profile directory.
1592233602091	Marionette	INFO	Listening on port 55070
1592233602426	Marionette	WARN	TLS certificate errors will be ignored for this session
1592233715997	Marionette	INFO	Stopped listening on port 55070

###!!! [Child][MessageChannel::SendAndWait] Error: Channel error: cannot send/recv

1592233722160	mozrunner::runner	INFO	Running command: "C:\\Program Files\\Mozilla Firefox\\firefox.exe" "-marionette" "-foreground" "-no-remote" "-profile" "C:\\Users\\MARISS~1\\AppData\\Local\\Temp\\rust_mozprofile5szzH3"
JavaScript error: resource://gre/modules/XULStore.jsm, line 66: Error: Can't find profile directory.
1592233726695	Marionette	INFO	Listening on port 55169
1592233726921	Marionette	WARN	TLS certificate errors will be ignored for this session
1592233731775	Marionette	ERROR	[26] No reply from Marionette:Register
console.error: "Store does not have a valid reducer. Make sure the argument passed to combineReducers is an object whose values are reducers."
console.error: "Error while calling actor 'layout's method 'getGrids'" "node is null"
console.error: "getGrids@resource://devtools/server/actors/layout.js:502:26\ngetGrids@resource://devtools/server/actors/layout.js:507:43\ngetGrids@resource://devtools/server/actors/layout.js:507:43\nhandler@resource://devtools/shared/protocol/Actor.js:154:37\nonPacket@resource://devtools/server/devtools-server-connection.js:380:58\nreceiveMessage@resource://devtools/shared/transport/child-transport.js:66:16\n"
console.error: "Error writing response to: querySelector"
console.error: "Error while calling actor 'domwalker's method 'querySelector'" "Component returned failure code: 0x80070057 (NS_ERROR_ILLEGAL_VALUE) [nsIEventListenerService.getListenerInfoFor]"
console.error: "getDOMListeners@resource://devtools/server/actors/inspector/event-collector.js:266:22\ngetListeners@resource://devtools/server/actors/inspector/event-collector.js:334:28\nhasListeners@resource://devtools/server/actors/inspector/event-collector.js:227:17\nhasEventListeners@resource://devtools/server/actors/inspector/event-collector.js:800:21\nget _hasEventListeners@resource://devtools/server/actors/inspector/node.js:459:33\nform@resource://devtools/server/actors/inspector/node.js:262:7\nwrite@resource://devtools/shared/protocol/types.js:363:32\ntypes.addArrayType/write/<@resource://devtools/shared/protocol/types.js:220:33\nwrite@resource://devtools/shared/protocol/types.js:220:16\nwrite@resource://devtools/shared/protocol/types.js:268:39\nwrite@resource://devtools/shared/protocol/Response.js:102:22\nwrite@resource://devtools/shared/protocol/Response.js:47:28\nsendReturn@resource://devtools/shared/protocol/Actor.js:164:38\n"
console.error: (new Error("Protocol error (unknownError): Component returned failure code: 0x80070057 (NS_ERROR_ILLEGAL_VALUE) [nsIEventListenerService.getListenerInfoFor] from: server0.conn0.child2/domwalker23", "resource://devtools/shared/protocol/Front.js", 319))
console.error: "Tried to send a 'newSource' event on an already destroyed actor 'thread'"
console.error: "Tried to send a 'newSource' event on an already destroyed actor 'thread'"
console.error: "Tried to send a 'newSource' event on an already destroyed actor 'thread'"
console.error: "Tried to send a 'newSource' event on an already destroyed actor 'thread'"
console.error: "Tried to send a 'newSource' event on an already destroyed actor 'thread'"
console.error: "Tried to send a 'newSource' event on an already destroyed actor 'thread'"
console.error: "Tried to send a 'newSource' event on an already destroyed actor 'thread'"
console.error: "Tried to send a 'newSource' event on an already destroyed actor 'thread'"
console.error: "Tried to send a 'newSource' event on an already destroyed actor 'thread'"
console.error: "Tried to send a 'newSource' event on an already destroyed actor 'thread'"
Handler function threw an exception: TypeError: this._progressListener is null
Stack: _onDocShellCreated/<@resource://devtools/server/actors/targets/browsing-context.js:797:18
exports.makeInfallible/<@resource://devtools/shared/ThreadSafeDevToolsUtils.js:103:22
Line: 797, column: 18
console.error: (new TypeError("this._progressListener is null", "resource://devtools/server/actors/targets/browsing-context.js", 797))
console.error: "Tried to send a 'newSource' event on an already destroyed actor 'thread'"
JavaScript error: resource://devtools/server/actors/highlighters.js, line 751: NS_ERROR_ILLEGAL_VALUE: Component returned failure code: 0x80070057 (NS_ERROR_ILLEGAL_VALUE) [nsIXPCComponents_Utils.isDeadWrapper]
JavaScript error: resource://devtools/server/actors/highlighters/utils/markup.js, line 272: TypeError: this.highlighterEnv is null
JavaScript error: resource://devtools/server/actors/inspector/walker.js, line 528: TypeError: this._refMap is null

###!!! [Child][MessageChannel] Error: (msgtype=0x59000D,name=PHttpChannel::Msg_DeletingChannel) Channel closing: too late to send/recv, messages will be lost

1592238399975	Marionette	INFO	Stopped listening on port 55169

###!!! [Child][MessageChannel::SendAndWait] Error: Channel error: cannot send/recv

irectory.
1592238372451	Marionette	INFO	Listening on port 62563
1592238372585	Marionette	WARN	TLS certificate errors will be ignored for this session
1592238404916	Marionette	INFO	Stopped listening on port 62563

###!!! [Child][MessageChannel::SendAndWait] Error: Channel error: cannot send/recv

1592238408751	mozrunner::runner	INFO	Running command: "C:\\Program Files\\Mozilla Firefox\\firefox.exe" "-marionette" "-foreground" "-no-remote" "-profile" "C:\\Users\\MARISS~1\\AppData\\Local\\Temp\\rust_mozprofileoKbSXZ"
JavaScript error: resource://gre/modules/XULStore.jsm, line 66: Error: Can't find profile directory.
1592238415664	Marionette	INFO	Listening on port 62653
1592238416095	Marionette	WARN	TLS certificate errors will be ignored for this session
IPDL protocol error: Handler returned error code!

###!!! [Parent][DispatchAsyncMessage] Error: PLayerTransaction::Msg_ReleaseLayer Processing error: message was deserialized, but the handler returned false (indicating failure)

1592238430267	Marionette	INFO	Stopped listening on port 62653

###!!! [Child][MessageChannel::SendAndWait] Error: Channel error: cannot send/recv

1592238456527	mozrunner::runner	INFO	Running command: "C:\\Program Files\\Mozilla Firefox\\firefox.exe" "-marionette" "-foreground" "-no-remote" "-profile" "C:\\Users\\MARISS~1\\AppData\\Local\\Temp\\rust_mozprofiledNslvY"
JavaScript error: resource://gre/modules/XULStore.jsm, line 66: Error: Can't find profile directory.
1592238463232	Marionette	INFO	Listening on port 62734
1592238463377	Marionette	WARN	TLS certificate errors will be ignored for this session
1592239124362	Marionette	ERROR	[28] No reply from Marionette:Register
IPDL protocol error: Handler returned error code!

###!!! [Parent][DispatchAsyncMessage] Error: PLayerTransaction::Msg_ReleaseLayer Processing error: message was deserialized, but the handler returned false (indicating failure)

1592239125504	Marionette	INFO	Stopped listening on port 62734

###!!! [Child][RunMessage] Error: Channel closing: too late to send/recv, messages will be lost


###!!! [Child][MessageChannel::SendAndWait] Error: Channel error: cannot send/recv

e] Error: Channel closing: too late to send/recv, messages will be lost


###!!! [Child][MessageChannel::SendAndWait] Error: Channel error: cannot send/recv

gre/modules/XULStore.jsm, line 66: Error: Can't find profile directory.
1592238754317	Marionette	INFO	Listening on port 62938
1592238754612	Marionette	WARN	TLS certificate errors will be ignored for this session
1592239138202	Marionette	INFO	Stopped listening on port 62938

###!!! [Child][RunMessage] Error: Channel closing: too late to send/recv, messages will be lost


###!!! [Child][MessageChannel::SendAndWait] Error: Channel error: cannot send/recv

gre/modules/XULStore.jsm, line 66: Error: Can't find profile directory.
1592238840981	Marionette	INFO	Listening on port 63028
1592238841001	Marionette	WARN	TLS certificate errors will be ignored for this session
1592239185310	Marionette	ERROR	[26] No reply from Marionette:Register
1592239186580	Marionette	INFO	Stopped listening on port 63028

###!!! [Child][RunMessage] Error: Channel closing: too late to send/recv, messages will be lost


###!!! [Child][MessageChannel::SendAndWait] Error: Channel error: cannot send/recv


1592239127904	Marionette	INFO	Listening on port 62404
1592239128128	Marionette	WARN	TLS certificate errors will be ignored for this session
IPDL protocol error: Handler returned error code!

###!!! [Parent][DispatchAsyncMessage] Error: PLayerTransaction::Msg_ReleaseLayer Processing error: message was deserialized, but the handler returned false (indicating failure)

[Child 20728, Chrome_ChildThread] WARNING: pipe error: 232: file /builds/worker/checkouts/gecko/ipc/chromium/src/chrome/common/ipc_channel_win.cc, line 522
1592239136804	Marionette	INFO	Stopped listening on port 62404

###!!! [Child][MessageChannel::SendAndWait] Error: Channel error: cannot send/recv

1592239171890	mozrunner::runner	INFO	Running command: "C:\\Program Files\\Mozilla Firefox\\firefox.exe" "-marionette" "-foreground" "-no-remote" "-profile" "C:\\Users\\MARISS~1\\AppData\\Local\\Temp\\rust_mozprofilelT710V"
JavaScript error: resource://gre/modules/XULStore.jsm, line 66: Error: Can't find profile directory.
1592239178758	Marionette	INFO	Listening on port 62477
1592239179229	Marionette	WARN	TLS certificate errors will be ignored for this session
1592239190460	mozrunner::runner	INFO	Running command: "C:\\Program FileIPDL protocol error: Handler returned error code!

###!!! [Parent][DispatchAsyncMessage] Error: PLayerTransaction::Msg_ReleaseLayer Processing error: JavaScript error: resource://gre/modules/XULStore.jsm, line 66: Error: Can't find profile directory.
1592239196634	Marionette	INFO	Listening on port 62564
1592239196688	Marionette	WARN	TLS certificate errors will be ignored for this session
1592239612081	Marionette	INFO	Stopped listening on port 62564

###!!! [Child][MessageChannel::SendAndWait] Error: Channel error: cannot send/recv

gram Files\\Mozilla Firefox\\firefox.exe" "-marionette" "-foreground" "-no-remote" "-profile" "C:\\Users\\MARISS~1\\AppData\\Local\\Temp\\rust_mozprofileatspyB"
JavaScript error: resource://gre/modules/XULStore.jsm, line 66: Error: Can't find profile directory.
1592239512849	Marionette	INFO	Listening on port 62696
1592239512907	Marionette	WARN	TLS certificate errors will be ignored for this session
IPDL protocol error: Handler returned error code!

###!!! [Parent][DispatchAsyncMessage] Error: PLayerTransaction::Msg_ReleaseLayer Processing error: message was deserialized, but the handler returned false (indicating failure)

1592239597649	Marionette	INFO	Stopped listening on port 62696

###!!! [Child][RunMessage] Error: Channel closing: too late to send/recv, messages will be lost


###!!! [Child][MessageChannel::SendAndWait] Error: Channel error: caIPDL protocol error: Handler returned error code!

###!!! [Parent][DispatchAsyncMessage] Error: PLayerTransaction::Msg_ReleaseLayer Processing error: message was deserialized, but the handler returned false (indicating failure)

1592239923195	Marionette	INFO	Stopped listening on port 62799

###!!! [Child][RunMessage] Error: Channel clo1592239925398	Marionette	INFO	Listening on port 62924
1592239925893	Marionette	WARN	TLS certificate errors will be ignored for this session
1592239984033	Marionette	INFO	Stopped listening on port 62924

###!!! [Child][MessageChannel::SendAndWait] Error: Channel error: cannot send/recv

1592240002932	mozrunner::runner	INFO	Running command: "C:\\Program Files\\Mozilla Firefox\\firefox.exe" "-marionette" "-foreground" "-no-remote" "-profile" "C:\\Users\\MARISS~1\\AppData\\Local\\Temp\\rust_mozprofilegGOTd6"
JavaScript error: resource://gre/modules/XULStore.jsm, line 66: Error: Can't find profile directory.
1592240009635	Marionette	INFO	Listening on port 62978
1592240009770	Marionette	WARN	TLS certificate errors will be ignored for this session
IPDL protocol error: Handler returned error code!

###!!! [Parent][DispatchAsyncMessage] Error: PLayerTransaction::Msg_ReleaseLayer Processing error: message was deserialized, but the handler returned false (indicating failure)

1592240895596	Marionette	INFO	Stopped listening on port 62978

###!!! [Child][RunMessage] Error: Channel closing: too late to send/recv, messages will be lost


###!!! [Child][MessageChannel::SendAndWait] Error: Channel error: ca1592240896750	Marionette	INFO	Stopped listening on port 63095

###!!! [Child][RunMessage] Error: Channel closing: too late to send/recv, messages will be lost


###!!! [Child][MessageChannel::SendAndWait] Error: Channel error: cannot send/recv

1592240907017	mozrunner::runner	INFO	Running command: "C:\\Program Files\\Mozilla Firefox\\firefox.exe" "-marionette" "-foreground" "-no-remote" "-profile" "C:\\Users\\MARISS~1\\AppData\\Local\\Temp\\rust_mozprofileQ0PFOk"
JavaScript error: resource://gre/modules/XULStore.jsm, line 66: Error: Can't find profile directory.
1592240915343	Marionette	INFO	Listening on port 63392
1592240915358	Marionette	WARN	TLS certificate errors will be ignored for this session
1592241181324	Marionette	INFO	Stopped listening on port 63392

###!!! [Child][RunMessage] Error: Channel closing: too late to send/recv, messages will be lost


###!!! [Child][MessageChannel::SendAndWait] Error: Channel error: cannot send/recv

gre/modules/XULStore.jsm, line 66: Error: Can't find profile directory.
1592240974271	Marionette	INFO	Listening on port 63479
1592240974340	Marionette	WARN	TLS certificate errors will be ignored for this session
1592241184480	Marionette	INFO	Stopped listening on port 63479

###!!! [Child][RunMessage] Error: Channel closing: too late to send/recv, messages will be lost


###!!! [Child][MessageChannel::SendAndWait] Error: Channel error: cannot send/recv

gre/modules/XULStore.jsm, line 66: Error: Can't find profile directory.
1592241092682	Marionette	INFO	Listening on port 63580
1592241092774	Marionette	WARN	TLS certificate errors will be ignored for this session
IPDL protocol error: Handler returned error code!

###!!! [Parent][DispatchAsyncMessage] Error: PLayerTransaction::Msg_ReleaseLayer Processing error: message was deserialized, but the handler returned false (indicating failure)

1592241186174	Marionette	INFO	Stopped listening on port 63580

###!!! [Child][MessageChannel::SendAndWait] Error: Channel error: cannot send/recv

241125720	Marionette	WARN	TLS certificate errors will be ignored for this session
IPDL protocol error: Handler returned error code!

###!!! [Parent][DispatchAsyncMessage] Error: PLayerTransaction::Msg_ReleaseLayer Processing error: message was deserialized, but the handler returned false (indicating failure)

1592241187750	Marionette	INFO	Stopped listening on port 63668

###!!! [Child][RunMessage] Error: Channel closing: too late to send/recv, messages will be lost


###!!! [Child][MessageChannel::SendAndWait] Error: Channel error: caIPDL protocol error: Handler returned error code!

###!!! [Parent][DispatchAsyncMessage] Error: PLayerTransaction::Msg_ReleaseLayer Processing error: message was deserialized, but the handler returned false (indicating failure)

1592241194114	Marionette	INFO	Stopped listening on port 63744

###!!! [Child][MessageChannel::SendAndWait] Error: Channel error: cannot send/recv

1592241199038	mozrunner::runner	INFO	Running command: "C:\\Program Files\\Mozilla Firefox\\firefox.exe" "-marionette" "-foreground" "-no-remote" "-profile" "C:\\Users\\MARISS~1\\AppData\\Local\\Temp\\rust_mozprofile1TrxT3"
JavaScript error: resource://gre/modules/XULStore.jsm, line 66: Error: Can't find profile directory.
1592241205797	Marionette	INFO	Listening on port 63881
1592241205904	Marionette	WARN	TLS certificate errors will be ignored for this session
1592264371196	Marionette	INFO	Stopped listening on port 63881

###!!! [Child][RunMessage] Error: Channel closing: too late to send/recv, messages will be lost


###!!! [Child][MessageChannel::SendAndWait] Error: Channel error: cannot send/recv

gre/modules/XULStore.jsm, line 66: Error: Can't find profile directory.
1592241236328	Marionette	INFO	Listening on port 63968
1592241236720	Marionette	WARN	TLS certificate errors will be ignored for this session
1592264369583	Marionette	INFO	Stopped listening on port 63968

###!!! [Child][MessageChannel::SendAndWait] Error: Channel error: cannot send/recv

ile" "C:\\Users\\MARISS~1\\AppData\\Local\\Temp\\rust_mozprofileDiIlu2"
JavaScript error: resource://gre/modules/XULStore.jsm, line 66: Error: Can't find profile directory.
1592241256808	Marionette	INFO	Listening on port 64053
1592241256868	Marionette	WARN	TLS certificate errors will be ignored for this session
1592264367966	Marionette	INFO	Stopped listening on port 64053

###!!! [Child][MessageChannel::SendAndWait] Error: Channel error: cannot send/recv

ile" "C:\\Users\\MARISS~1\\AppData\\Local\\Temp\\rust_mozprofile9q3lar"
JavaScript error: resource://gre/modules/XULStore.jsm, line 66: Error: Can't find profile directory.
1592241278500	Marionette	INFO	Listening on port 64139
1592241278887	Marionette	WARN	TLS certificate errors will be ignored for this session
1592264366664	Marionette	INFO	Stopped listening on port 64139

###!!! [Child][MessageChannel::SendAndWait] Error: Channel error: cannot send/recv

1592264376355	mozrunner::runner	INFO	Running command: "C:\\Program Files\\Mozilla Firefox\\firefox.exe" "-marionette" "-foreground" "-no-remote" "-profile" "C:\\Users\\MARISS~1\\AppData\\Local\\Temp\\rust_mozprofilem33HtV"
JavaScript error: resource://gre/modules/XULStore.jsm, line 66: Error: Can't find profile directory.
1592264381290	Marionette	INFO	Listening on port 61340
1592264381579	Marionette	WARN	TLS certificate errors will be ignored for this session
console.error: "Store does not have a valid reducer. Make sure the argument passed to combineReducers is an object whose values are reducers."
console.error: "Error while calling actor 'layout's method 'getGrids'" "node is null"
console.error: "getGrids@resource://devtools/server/actors/layout.js:502:26\ngetGrids@resource://devtools/server/actors/layout.js:507:43\ngetGrids@resource://devtools/server/actors/layout.js:507:43\nhandler@resource://devtools/shared/prIPDL protocol error: Handler returned error code!

###!!! [Parent][DispatchAsyncMessage] Error: PLayerTransaction::Msg_ReleaseLayer Processing error: message was deserialized, but the handler returned false (indicating failure)

1592268840533	Marionette	INFO	Stopped listening on port 61425

###!!! [Child][RunMessage] Error: Channel closing: too late to send/recv, messages will be lost


###!!! [Child][MessageChannel::SendAndWait] Error: Channel error: caIPDL protocol error: Handler returned error code!

###!!! [Parent][DispatchAsyncMessage] Error: PLayerTransaction::Msg_ReleaseLayer Processing error: message was deserialized, but the handler returned false (indicating failure)

1592268856920	Marionette	INFO	Stopped listening on port 61516

###!!! [Child][MessageChannel::SendAndWait] Error: Channel error: cannot send/recv

264488847	Marionette	WARN	TLS certificate errors will be ignored for this session
1592268860065	Marionette	INFO	Stopped listening on port 61599

###!!! [Child][MessageChannel::SendAndWait] Error: Channel error: cannot send/recv

ile" "C:\\Users\\MARISS~1\\AppData\\Local\\Temp\\rust_mozprofilenYQOoJ"
JavaScript error: resource://gre/modules/XULStore.jsm, line 66: Error: Can't find profile directory.
1592264513908	Marionette	INFO	Listening on port 61707
1592264513960	Marionette	WARN	TLS certificate errors will be ignored for this session
IPDL protocol error: Handler returned error code!

###!!! [Parent][DispatchAsyncMessage] Error: PLayerTransaction::Msg_ReleaseLayer Processing error: message was deserialized, but the handler returned false (indicating failure)

1592268876935	Marionette	INFO	Stopped listening on port 61707

###!!! [Child][RunMessage] Error: Channel closing: too late to send/recv, messages will be lost


###!!! [Child][MessageChannel::SendAndWait] Error: Channel error: cannot send/recv

r: Handler returned error code!

###!!! [Parent][DispatchAsyncMessage] Error: PLayerTransaction::Msg_ReleaseLayer Processing error: message was deserialized, but the handler returned false (indicating failure)

1592268875836	Marionette	INFO	Stopped listening on port 61797

###!!! [Child][RunMessage] Error: Channel closing: too late to send/recv, messages will be lost


###!!! [Child][MessageChannel::SendAndWait] Error: Channel error: cannot send/recv

r: Handler returned error code!

###!!! [Parent][DispatchAsyncMessage] Error: PLayerTransaction::Msg_ReleaseLayer Processing error: message was deserialized, but the handler returned false (indicating failure)

1592268874237	Marionette	INFO	Stopped listening on port 57039

###!!! [Child][RunMessage] Error: Channel closing: too late to send/recv, messages will be lost


###!!! [Child][MessageChannel::SendAndWait] Error: Channel error: cannot send/recv

r: Handler returned error code!

###!!! [Parent][DispatchAsyncMessage] Error: PLayerTransaction::Msg_ReleaseLayer Processing error: message was deserialized, but the handler returned false (indicating failure)

1592268093273	Marionette	INFO	Stopped listening on port 57125

###!!! [Child][RunMessage] Error: Channel closing: too late to send/recv, messages will be lost


###!!! [Child][MessageChannel::SendAndWait] Error: Channel error: caIPDL protocol error: Handler returned error code!

###!!! [Parent][DispatchAsyncMessage] Error: PLayerTransaction::Msg_ReleaseLayer Processing error: message was deserialized, but the handler returned false (indicating failure)

1592268872580	Marionette	INFO	Stopped listening on port 57223

###!!! [Child][RunMessage] Error: Channel closing: too late to send/recv, messages will be lost


###!!! [Child][MessageChannel::SendAndWait] Error: Channel error: cannot send/recv

r: Handler returned error code!

###!!! [Parent][DispatchAsyncMessage] Error: PLayerTransaction::Msg_ReleaseLayer Processing error: message was deserialized, but the handler returned false (indicating failure)

1592268871414	Marionette	INFO	Stopped listening on port 57306

###!!! [Child][RunMessage] Error: Channel closing: too late to send/recv, messages will be lost


###!!! [Child][MessageChannel::SendAndWait] Error: Channel error: cannot send/recv

r: Handler returned error code!

###!!! [Parent][DispatchAsyncMessage] Error: PLayerTransaction::Msg_ReleaseLayer Processing error: message was deserialized, but the handler returned false (indicating failure)

1592268869466	Marionette	INFO	Stopped listening on port 57386

###!!! [Child][RunMessage] Error: Channel closing: too late to send/recv, messages will be lost


###!!! [Child][MessageChannel::SendAndWait] Error: Channel error: cannot send/recv

r: Handler returned error code!

###!!! [Parent][DispatchAsyncMessage] Error: PLayerTransaction::Msg_ReleaseLayer Processing error: message was deserialized, but the handler returned false (indicating failure)

1592268868133	Marionette	INFO	Stopped listening on port 57476

###!!! [Child][RunMessage] Error: Channel closing: too late to send/recv, messages will be lost


###!!! [Child][MessageChannel::SendAndWait] Error: Channel error: cannot send/recv

onette	INFO	Stopped listening on port 57559

###!!! [Child][MessageChannel::SendAndWait] Error: Channel error: cannot send/recv

ile" "C:\\Users\\MARISS~1\\AppData\\Local\\Temp\\rust_mozprofilesBBpqD"
JavaScript error: resource://gre/modules/XULStore.jsm, line 66: Error: Can't find profile directory.
1592268179556	Marionette	INFO	Listening on port 57639
1592268179981	Marionette	WARN	TLS certificate errors will be ignored for this session
IPDL protocol error: Handler returned error code!

###!!! [Parent][DispatchAsyncMessage] Error: PLayerTransaction::Msg_ReleaseLayer Processing error: message was deserialized, but the handler returned false (indicating failure)

1592268849214	Marionette	INFO	Stopped listening on port 57639

###!!! [Child][MessageChannel::SendAndWait] Error: Channel error: cannot send/recv

1592269130028	mozrunner::runner	INFO	Running command: "C:\\Program Files\\Mozilla Firefox\\firefox.exe" "-marionette" "-foreground" "-no-remote" "-profile" "C:\\Users\\MARISS~1\\AppData\\Local\\Temp\\rust_mozprofilePMRayE"
JavaScript error: resource://gre/modules/XULStore.jsm, line 66: Error: Can't find profile directory.
1592269138865	Marionette	INFO	Listening on port 63242
1592269138975	Marionette	WARN	TLS certificate errors will be ignored for this session
JavaScript error: chrome://browser/content/browser-customization.js, line 172: NS_ERROR_NOT_INITIALIZED: 
IPDL protocol error: Handler returned error code!

###!!! [Parent][DispatchAsyncMessage] Error: PLayerTransaction::Msg_ReleaseLayer Processing error: message was deserialized, but the handler returned false (indicating failure)

1592269555582	Marionette	INFO	Stopped listening on port 63242

###!!! [Child][RunMessage] Error: Channel closing: too late to1592269557732	Marionette	INFO	Stopped listening on port 63362

###!!! [Child][RunMessage] Error: Channel closing: too late to send/recv, messages will be lost


###!!! [Child][MessageChannel::SendAndWait] Error: Channel error: cannot send/recv

gre/modules/XULStore.jsm, line 66: Error: Can't find profile directory.
1592269192217	Marionette	INFO	Listening on port 63443
1592269192505	Marionette	WARN	TLS certificate errors will be ignored for this session
IPDL protocol error: Handler returned error code!

###!!! [Parent][DispatchAsyncMessage] Error: PLayerTransaction::Msg_ReleaseLayer Processing error: message was deserialized, but the handler returned false (indicating failure)

1592269565609	Marionette	INFO	Stopped listening on port 63443

###!!! [Child][RunMessage] Error: Channel closing: too late to send/recv, messages will be lost


###!!! [Child][MessageChannel::SendAndWait] Error: Channel error: cannot send/recv

r: Handler returned error code!

###!!! [Parent][DispatchAsyncMessage] Error: PLayerTransaction::Msg_ReleaseLayer Processing error: message was deserialized, but the handler returned false (indicating failure)

1592269562473	Marionette	INFO	Stopped listening on port 63532

###!!! [Child][RunMessage] Error: Channel closing: too late to send/recv, messages will be lost


###!!! [Child][MessageChannel::SendAndWait] Error: Channel error: caIPDL protocol error: Handler returned error code!

###!!! [Parent][DispatchAsyncMessage] Error: PLayerTransaction::Msg_ReleaseLayer Processing error: message was deserialized, but the handler returned false (indicating failure)

1592269563701	Marionette	INFO	Stopped listening on port 63628

###!!! [Child][RunMessage] Error: Channel closing: too late to send/recv, messages will be lost


###!!! [Child][MessageChannel::SendAndWait] Error: Channel error: caIPDL protocol error: Handler returned error code!

###!!! [Parent][DispatchAsyncMessage] Error: PLayerTransaction::Msg_ReleaseLayer Processing error: message was deserialized, but the handler returned false (indicating failure)

1592269564746	Marionette	INFO	Stopped listening on port 63713

###!!! [Child][RunMessage] Error: Channel closing: too late to send/recv, messages will be lost


###!!! [Child][MessageChannel::SendAndWait] Error: Channel error: cannot send/recv

1592269598659	mozrunner::runner	INFO	Running command: "C:\\Program Files\\Mozilla Firefox\\firefox.exe" "-marionette" "-foreground" "-no-remote" "-profile" "C:\\Users\\MARISS~1\\AppData\\Local\\Temp\\rust_mozprofileo248cX"
JavaScript error: resource://gre/modules/XULStore.jsm, line 66: Error: Can't find profile directory.
1592269607292	Marionette	INFO	Listening on port 50531
1592269607597	Marionette	WARN	TLS certificate errors will be ignored for this session
IPDL protocol error: Handler returned error code!

###!!! [Parent][DispatchAsyncMessage] Error: PLayerTransaction::Msg_ReleaseLayer Processing error: message was deserialized, but the handler returned false (indicating failure)

1592270706607	Marionette	INFO	Stopped listening on port 50531

###!!! [Child][RunMessage] Error: Channel closing: too late to send/recv, messages will be lost


###!!! [Child][MessageChannel::SendAndWait] Error: Channel error: caIPDL protocol error: Handler returned error code!

###!!! [Parent][DispatchAsyncMessage] Error: PLayerTransaction::Msg_ReleaseLayer Processing error: message was deserialized, but the handler returned false (indicating failure)

1592270709832	Marionette	INFO	Stopped listening on port 63383

###!!! [Child][MessageChannel::SendAndWait] Error: Channel error: cannot send/recv

270269888	Marionette	WARN	TLS certificate errors will be ignored for this session
IPDL protocol error: Handler returned error code!

###!!! [Parent][DispatchAsyncMessage] Error: PLayerTransaction::Msg_ReleaseLayer Processing error: message was deserialized, but the handler returned false (indicating failure)

1592270711308	Marionette	INFO	Stopped listening on port 63479

###!!! [Child][RunMessage] Error: Channel closing: too late to send/recv, messages will be lost


###!!! [Child][MessageChannel::SendAndWait] Error: Channel error: ca1592270712389	Marionette	INFO	Stopped listening on port 63612

###!!! [Child][MessageChannel::SendAndWait] Error: Channel error: cannot send/recv

1592270837914	mozrunner::runner	INFO	Running command: "C:\\Program Files\\Mozilla Firefox\\firefox.exe" "-marionette" "-foreground" "-no-remote" "-profile" "C:\\Users\\MARISS~1\\AppData\\Local\\Temp\\rust_mozprofilepf6JjF"
JavaScript error: resource://gre/modules/XULStore.jsm, line 66: Error: Can't find profile directory.
1592270844730	Marionette	INFO	Listening on port 63763
1592270844746	Marionette	WARN	TLS certificate errors will be ignored for this session
IPDL protocol error: Handler returned error code!

###!!! [Parent][DispatchAsyncMessage] Error: PLayerTransaction::Msg_ReleaseLayer Processing error: message was deserialized, but the handler returned false (indicating failure)

1592271182999	Marionette	INFO	Stopped listening on port 63763

###!!! [Child][RunMessage] Error: Channel closing: too late to send/recv, messages will be lost


###!!! [Child][MessageChannel::SendAndWait] Error: Channel error: caExiting due to channel error.
1592272251718	mozrunner::runner	INFO	Running command: "C:\\Program Files\\Mozilla Firefox\\firefox.exe" "-marionette" "-foreground" "-no-remote" "-profile" "C:\\Users\\MARISS~1\\AppData\\Local\\Temp\\rust_mozprofileqXoUKR"
JavaScript error: resource://gre/modules/XULStore.jsm, line 66: Error: Can't find profile directory.
1592272256888	Marionette	INFO	Listening on port 55073
1592272256944	Marionette	WARN	TLS certificate errors will be ignored for this session
IPDL protocol error: Handler returned error code!

###!!! [Parent][DispatchAsyncMessage] Error: PLayerTransaction::Msg_ReleaseLayer Processing error: message was deserialized, but the handler returned false (indicating failure)

1592273560330	Marionette	INFO	Stopped listening on port 55073

###!!! [Child][RunMessage] Error: Channel closing: too late to send/recv, messages will be lost


###!!! [Child][MessageChannel::SendAndWait] Error: Channel error: caIPDL protocol error: Handler returned error code!

###!!! [Parent][DispatchAsyncMessage] Error: PLayerTransaction::Msg_ReleaseLayer Processing error: message was deserialized, but the handler returned false (indicating failure)

1592273561531	Marionette	INFO	Stopped listening on port 51470

###!!! [Child][RunMessage] Error: Channel closing: too late to send/recv, messages will be lost


###!!! [Child][MessageChannel::SendAndWait] Error: Channel error: ca1592273562591	Marionette	INFO	Stopped listening on port 51580

###!!! [Child][RunMessage] Error: Channel closing: too late to send/recv, messages will be lost


###!!! [Child][MessageChannel::SendAndWait] Error: Channel error: cannot send/recv

